[15:09:30:760] [INFO] - com.lining.common.config.PropUtil.main(PropUtil.java:95) - 1234
[15:09:30:776] [INFO] - com.lining.common.config.PropUtil.main(PropUtil.java:99) - com.mysql.jdbc.Driver
[15:10:21:677] [INFO] - com.lining.common.config.PropUtil.main(PropUtil.java:95) - 1234
[15:10:21:693] [INFO] - com.lining.common.config.PropUtil.main(PropUtil.java:99) - com.mysql.jdbc.Driver
[15:10:21:693] [INFO] - com.lining.common.config.PropUtil.main(PropUtil.java:101) - D:\1aaaaCode\programming-with-java\config\config.properties
[15:22:43:628] [INFO] - com.lining.common.config.PropUtil.main(PropUtil.java:103) - 1234
[15:22:43:643] [INFO] - com.lining.common.config.PropUtil.main(PropUtil.java:104) - 1
[15:22:43:643] [INFO] - com.lining.common.config.PropUtil.main(PropUtil.java:105) - false
[15:22:43:643] [INFO] - com.lining.common.config.PropUtil.main(PropUtil.java:109) - com.mysql.jdbc.Driver
[15:22:43:643] [INFO] - com.lining.common.config.PropUtil.main(PropUtil.java:111) - D:\1aaaaCode\programming-with-java\config\config.properties
[15:23:54:163] [INFO] - com.lining.common.config.PropUtil.main(PropUtil.java:103) - 1234
[15:23:54:179] [INFO] - com.lining.common.config.PropUtil.main(PropUtil.java:104) - 2
[15:24:36:522] [INFO] - com.lining.common.config.PropUtil.main(PropUtil.java:105) - false
[15:24:36:538] [INFO] - com.lining.common.config.PropUtil.main(PropUtil.java:109) - com.mysql.jdbc.Driver
[15:24:36:538] [INFO] - com.lining.common.config.PropUtil.main(PropUtil.java:111) - D:\1aaaaCode\programming-with-java\config\config.properties
[15:25:37:291] [INFO] - com.lining.common.config.PropUtil.main(PropUtil.java:103) - 1234
[15:25:37:307] [INFO] - com.lining.common.config.PropUtil.main(PropUtil.java:104) - 2
[15:25:37:307] [INFO] - com.lining.common.config.PropUtil.main(PropUtil.java:105) - false
[15:25:37:307] [INFO] - com.lining.common.config.PropUtil.main(PropUtil.java:109) - com.mysql.jdbc.Driver
[15:25:37:307] [INFO] - com.lining.common.config.PropUtil.main(PropUtil.java:111) - D:\1aaaaCode\programming-with-java\config\config.properties
[15:26:27:467] [INFO] - com.lining.common.config.PropUtil.main(PropUtil.java:103) - 1234
[15:26:27:482] [INFO] - com.lining.common.config.PropUtil.main(PropUtil.java:104) - 2
[15:27:02:664] [INFO] - com.lining.common.config.PropUtil.main(PropUtil.java:105) - false
[15:27:02:664] [INFO] - com.lining.common.config.PropUtil.main(PropUtil.java:109) - com.mysql.jdbc.Driver
[15:27:02:680] [INFO] - com.lining.common.config.PropUtil.main(PropUtil.java:111) - D:\1aaaaCode\programming-with-java\config\config.properties
[15:29:12:957] [INFO] - com.lining.common.config.PropUtil.main(PropUtil.java:103) - 1234
[15:29:12:973] [INFO] - com.lining.common.config.PropUtil.main(PropUtil.java:108) - com.mysql.jdbc.Driver
[15:29:12:973] [INFO] - com.lining.common.config.PropUtil.main(PropUtil.java:110) - D:\1aaaaCode\programming-with-java\config\config.properties
[15:29:12:973] [INFO] - com.lining.common.config.PropUtil.main(PropUtil.java:112) - 13
[15:29:12:973] [INFO] - com.lining.common.config.PropUtil.main(PropUtil.java:113) - true
